<?xml version="1.0" encoding="UTF-8"?>
<!-- Generated by org.testng.reporters.JUnitXMLReporter -->
<testsuite hostname="DESKTOP-CD955F8" name="Test" tests="5" failures="5" timestamp="25 Mar 2022 23:08:37 GMT" time="7.518" errors="0">
  <testcase name="usersPermissions" time="2.72" classname="org.testing.TestScripts.TC2_UserPermissions">
    <failure type="java.lang.IllegalArgumentException" message="Header value cannot be null">
      <![CDATA[java.lang.IllegalArgumentException: Header value cannot be null
	at org.codehaus.groovy.runtime.callsite.ConstructorSite$ConstructorSiteNoUnwrap.callConstructor(ConstructorSite.java:84)
	at org.codehaus.groovy.runtime.callsite.CallSiteArray.defaultCallConstructor(CallSiteArray.java:59)
	at org.codehaus.groovy.runtime.callsite.AbstractCallSite.callConstructor(AbstractCallSite.java:263)
	at org.codehaus.groovy.runtime.callsite.AbstractCallSite.callConstructor(AbstractCallSite.java:277)
	at io.restassured.internal.common.assertion.AssertParameter.notNull(AssertParameter.groovy:26)
	at io.restassured.internal.common.assertion.AssertParameter$notNull.callStatic(Unknown Source)
	at org.codehaus.groovy.runtime.callsite.CallSiteArray.defaultCallStatic(CallSiteArray.java:55)
	at io.restassured.internal.common.assertion.AssertParameter$notNull.callStatic(Unknown Source)
	at io.restassured.internal.RequestSpecificationImpl.header(RequestSpecificationImpl.groovy:845)
	at org.testing.TestSteps.User_Permissions.getModuleWisePermissionsFieldForce(User_Permissions.java:37)
	at org.testing.TestSteps.User_Permissions.allBackendUserPermissions(User_Permissions.java:27)
	at org.testing.TestScripts.TC2_UserPermissions.usersPermissions(TC2_UserPermissions.java:21)
... Removed 30 stack frames]]>
    </failure>
  </testcase> <!-- usersPermissions -->
  <testcase name="analyticsModule" time="1.307" classname="org.testing.TestScripts.TC3_Analytics">
    <failure type="java.lang.IllegalArgumentException" message="Header value cannot be null">
      <![CDATA[java.lang.IllegalArgumentException: Header value cannot be null
	at org.codehaus.groovy.runtime.callsite.ConstructorSite$ConstructorSiteNoUnwrap.callConstructor(ConstructorSite.java:84)
	at org.codehaus.groovy.runtime.callsite.AbstractCallSite.callConstructor(AbstractCallSite.java:277)
	at io.restassured.internal.common.assertion.AssertParameter.notNull(AssertParameter.groovy:26)
	at io.restassured.internal.common.assertion.AssertParameter$notNull.callStatic(Unknown Source)
	at org.codehaus.groovy.runtime.callsite.CallSiteArray.defaultCallStatic(CallSiteArray.java:55)
	at io.restassured.internal.common.assertion.AssertParameter$notNull.callStatic(Unknown Source)
	at io.restassured.internal.RequestSpecificationImpl.header(RequestSpecificationImpl.groovy:845)
	at org.testing.TestSteps.Analytics.adminDashboard(Analytics.java:52)
	at org.testing.TestSteps.Analytics.analyticsModule(Analytics.java:28)
	at org.testing.TestScripts.TC3_Analytics.analyticsModule(TC3_Analytics.java:18)
... Removed 30 stack frames]]>
    </failure>
  </testcase> <!-- analyticsModule -->
  <testcase name="counsellorModule" time="0.708" classname="org.testing.TestScripts.TC4_Counsellors">
    <failure type="java.lang.IllegalArgumentException" message="Header value cannot be null">
      <![CDATA[java.lang.IllegalArgumentException: Header value cannot be null
	at org.codehaus.groovy.runtime.callsite.ConstructorSite$ConstructorSiteNoUnwrap.callConstructor(ConstructorSite.java:84)
	at org.codehaus.groovy.runtime.callsite.AbstractCallSite.callConstructor(AbstractCallSite.java:277)
	at io.restassured.internal.common.assertion.AssertParameter.notNull(AssertParameter.groovy:26)
	at io.restassured.internal.common.assertion.AssertParameter$notNull.callStatic(Unknown Source)
	at org.codehaus.groovy.runtime.callsite.CallSiteArray.defaultCallStatic(CallSiteArray.java:55)
	at io.restassured.internal.common.assertion.AssertParameter$notNull.callStatic(Unknown Source)
	at io.restassured.internal.RequestSpecificationImpl.header(RequestSpecificationImpl.groovy:845)
	at org.testing.TestSteps.Counsellors.getCounsellorProductivityMetrics(Counsellors.java:133)
	at org.testing.TestSteps.Counsellors.counsellorsModule(Counsellors.java:32)
	at org.testing.TestScripts.TC4_Counsellors.counsellorModule(TC4_Counsellors.java:19)
... Removed 30 stack frames]]>
    </failure>
  </testcase> <!-- counsellorModule -->
  <testcase name="usersModule" time="1.618" classname="org.testing.TestScripts.TC1_Users">
    <failure type="java.lang.IllegalArgumentException" message="Header value cannot be null">
      <![CDATA[java.lang.IllegalArgumentException: Header value cannot be null
	at org.codehaus.groovy.runtime.callsite.ConstructorSite$ConstructorSiteNoUnwrap.callConstructor(ConstructorSite.java:84)
	at org.codehaus.groovy.runtime.callsite.AbstractCallSite.callConstructor(AbstractCallSite.java:277)
	at io.restassured.internal.common.assertion.AssertParameter.notNull(AssertParameter.groovy:26)
	at io.restassured.internal.common.assertion.AssertParameter$notNull.callStatic(Unknown Source)
	at org.codehaus.groovy.runtime.callsite.CallSiteArray.defaultCallStatic(CallSiteArray.java:55)
	at io.restassured.internal.common.assertion.AssertParameter$notNull.callStatic(Unknown Source)
	at io.restassured.internal.RequestSpecificationImpl.header(RequestSpecificationImpl.groovy:845)
	at org.testing.TestSteps.UserModule.checkPasswordExpired(UserModule.java:140)
	at org.testing.TestSteps.UserModule.usersModule(UserModule.java:39)
	at org.testing.TestScripts.TC1_Users.usersModule(TC1_Users.java:18)
... Removed 30 stack frames]]>
    </failure>
  </testcase> <!-- usersModule -->
  <testcase name="fieldForce" time="1.131" classname="org.testing.TestScripts.TC1_Users">
    <failure type="java.lang.IllegalArgumentException" message="Header value cannot be null">
      <![CDATA[java.lang.IllegalArgumentException: Header value cannot be null
	at org.codehaus.groovy.runtime.callsite.ConstructorSite$ConstructorSiteNoUnwrap.callConstructor(ConstructorSite.java:84)
	at org.codehaus.groovy.runtime.callsite.AbstractCallSite.callConstructor(AbstractCallSite.java:277)
	at io.restassured.internal.common.assertion.AssertParameter.notNull(AssertParameter.groovy:26)
	at io.restassured.internal.common.assertion.AssertParameter$notNull.callStatic(Unknown Source)
	at org.codehaus.groovy.runtime.callsite.CallSiteArray.defaultCallStatic(CallSiteArray.java:55)
	at io.restassured.internal.common.assertion.AssertParameter$notNull.callStatic(Unknown Source)
	at io.restassured.internal.RequestSpecificationImpl.header(RequestSpecificationImpl.groovy:845)
	at org.testing.TestSteps.UserModule.markCheckinCheckout(UserModule.java:252)
	at org.testing.TestSteps.UserModule.fieldForce(UserModule.java:55)
	at org.testing.TestScripts.TC1_Users.fieldForce(TC1_Users.java:26)
... Removed 30 stack frames]]>
    </failure>
  </testcase> <!-- fieldForce -->
</testsuite> <!-- Test -->
